{
  "stats": {
    "suites": 193,
    "tests": 186,
    "passes": 155,
    "pending": 0,
    "failures": 31,
    "start": "2022-07-10T13:26:18.692Z",
    "end": "2022-07-10T13:26:20.918Z",
    "duration": 2226,
    "testsRegistered": 186,
    "passPercent": 83.33333333333334,
    "pendingPercent": 0,
    "other": 0,
    "hasOther": false,
    "skipped": 0,
    "hasSkipped": false
  },
  "results": [
    {
      "uuid": "8db6075a-7bd2-4640-add1-75ec82696b0d",
      "title": "",
      "fullFile": "",
      "file": "",
      "beforeHooks": [],
      "afterHooks": [],
      "tests": [],
      "suites": [
        {
          "uuid": "a56a200a-1531-4af5-8e3a-e94ea39ba749",
          "title": "Test CR1 Item",
          "fullFile": "C:\\Users\\user\\Desktop\\EzWh-master\\code\\server\\acceptanceTest\\testEzWhAPI.js",
          "file": "\\acceptanceTest\\testEzWhAPI.js",
          "beforeHooks": [],
          "afterHooks": [],
          "tests": [],
          "suites": [
            {
              "uuid": "fd18c138-438b-4724-8452-2d8438f87d2f",
              "title": "Removing all Items",
              "fullFile": "C:\\Users\\user\\Desktop\\EzWh-master\\code\\server\\acceptanceTest\\testEzWhAPI.js",
              "file": "\\acceptanceTest\\testEzWhAPI.js",
              "beforeHooks": [],
              "afterHooks": [],
              "tests": [
                {
                  "title": "get /api/items/",
                  "fullTitle": "Test CR1 Item Removing all Items get /api/items/",
                  "timedOut": false,
                  "duration": 97,
                  "state": "passed",
                  "speed": "slow",
                  "pass": true,
                  "fail": false,
                  "pending": false,
                  "context": null,
                  "code": "const res = await agent.get('/api/items');\nconsole.log(res.body);\nres.should.have.status(200);\nif(res.body.length !==0) {\n    let res2;\n    for (let i = 0; i< res.body.length; i++){\n        res2 = await\n        agent.delete('/api/items/'+res.body[i].id+'/'+res.body[i].supplierId);\n        res2.should.have.status(204);\n        console.log(\"Deleted \" + res.body[i].id + \" by supplier \"+ res.body[i].supplierId);\n    }\n}",
                  "err": {},
                  "uuid": "26c159e1-a315-41c8-afc0-f10998e3cced",
                  "parentUUID": "fd18c138-438b-4724-8452-2d8438f87d2f",
                  "isHook": false,
                  "skipped": false
                }
              ],
              "suites": [],
              "passes": [
                "26c159e1-a315-41c8-afc0-f10998e3cced"
              ],
              "failures": [],
              "pending": [],
              "skipped": [],
              "duration": 97,
              "root": false,
              "rootEmpty": false,
              "_timeout": 10000
            },
            {
              "uuid": "bc124677-ca12-49fd-94f8-0df2ed1810c2",
              "title": "Get all items",
              "fullFile": "C:\\Users\\user\\Desktop\\EzWh-master\\code\\server\\acceptanceTest\\testEzWhAPI.js",
              "file": "\\acceptanceTest\\testEzWhAPI.js",
              "beforeHooks": [],
              "afterHooks": [],
              "tests": [
                {
                  "title": "get /api/items/",
                  "fullTitle": "Test CR1 Item Get all items get /api/items/",
                  "timedOut": false,
                  "duration": 5,
                  "state": "failed",
                  "speed": null,
                  "pass": false,
                  "fail": true,
                  "pending": false,
                  "context": null,
                  "code": "agent.get('/api/items')\n.then(function(res){\n    console.log(res.body);\n    res.should.have.status(expCode);\n    res.body.should.be.a('array');\n    res.body.length.should.be.equal(size);\n    done();\n}).catch(err => done(err));",
                  "err": {
                    "message": "AssertionError: expected 2 to equal +0",
                    "estack": "AssertionError: expected 2 to equal +0\n    at C:\\Users\\user\\Desktop\\EzWh-master\\code\\server\\acceptanceTest\\utils-new-items.js:54:43\n    at processTicksAndRejections (node:internal/process/task_queues:96:5)",
                    "diff": "- 2\n+ 0\n"
                  },
                  "uuid": "987e5d30-97b3-4849-aeea-c202c2505864",
                  "parentUUID": "bc124677-ca12-49fd-94f8-0df2ed1810c2",
                  "isHook": false,
                  "skipped": false
                }
              ],
              "suites": [],
              "passes": [],
              "failures": [
                "987e5d30-97b3-4849-aeea-c202c2505864"
              ],
              "pending": [],
              "skipped": [],
              "duration": 5,
              "root": false,
              "rootEmpty": false,
              "_timeout": 10000
            },
            {
              "uuid": "1992575f-b18a-4197-adf5-eaca38d8d38d",
              "title": "removing all skuitems",
              "fullFile": "C:\\Users\\user\\Desktop\\EzWh-master\\code\\server\\acceptanceTest\\testEzWhAPI.js",
              "file": "\\acceptanceTest\\testEzWhAPI.js",
              "beforeHooks": [],
              "afterHooks": [],
              "tests": [
                {
                  "title": "Getting SKUitems",
                  "fullTitle": "Test CR1 Item removing all skuitems Getting SKUitems",
                  "timedOut": false,
                  "duration": 32,
                  "state": "passed",
                  "speed": "fast",
                  "pass": true,
                  "fail": false,
                  "pending": false,
                  "context": null,
                  "code": "const res = await agent.get('/api/skuitems');\nconsole.log(res.body);\nres.should.have.status(200);\nif (res.body.length !==0) {\n    let res2;\n    for (let i = 0; i < res.body.length; i++) {\n        res2 = await\n        agent.delete('/api/skuitems/'+res.body[i].RFID);\n        res2.should.have.status(204);\n        console.log(\"Deleted \"+ res.body[i].RFID);\n    }\n}\nconsole.log(\"done!\");",
                  "err": {},
                  "uuid": "056c3798-deb5-4c46-8e2b-4a730d157e52",
                  "parentUUID": "1992575f-b18a-4197-adf5-eaca38d8d38d",
                  "isHook": false,
                  "skipped": false
                }
              ],
              "suites": [],
              "passes": [
                "056c3798-deb5-4c46-8e2b-4a730d157e52"
              ],
              "failures": [],
              "pending": [],
              "skipped": [],
              "duration": 32,
              "root": false,
              "rootEmpty": false,
              "_timeout": 10000
            },
            {
              "uuid": "2775afc4-4af3-40ae-8e7b-5b0c7d604bcf",
              "title": "get /api/skuitems",
              "fullFile": "C:\\Users\\user\\Desktop\\EzWh-master\\code\\server\\acceptanceTest\\testEzWhAPI.js",
              "file": "\\acceptanceTest\\testEzWhAPI.js",
              "beforeHooks": [],
              "afterHooks": [],
              "tests": [
                {
                  "title": "Getting SKUitems",
                  "fullTitle": "Test CR1 Item get /api/skuitems Getting SKUitems",
                  "timedOut": false,
                  "duration": 4,
                  "state": "passed",
                  "speed": "fast",
                  "pass": true,
                  "fail": false,
                  "pending": false,
                  "context": null,
                  "code": "agent.get('/api/skuitems')\n.then(function (res) {\n    console.log(res.body[0]);\n    res.should.have.status(expCode);\n    res.body.should.be.a('array');\n    res.body.length.should.be.equal(size);\n    let idSKUs = ids.getIdSku();\n    for (let i = 0; i < size; i++) {\n        res.body[i].RFID.should.equal(skuitems[i].RFID);\n        res.body[i].SKUId.should.equal(idSKUs[skuitems[i].SKUId]);\n        res.body[i].DateOfStock.should.equal(skuitems[i].DateOfStock);\n        if(skuitems[i].Available !== undefined){\n            res.body[i].Available.should.equal(skuitems[i].Available);\n            //console.log('null');\n        }\n    }\n    \n    done();                \n}).catch(err=>done(err));",
                  "err": {},
                  "uuid": "44acb68d-c2a9-4184-a9a3-abf1ed2b0843",
                  "parentUUID": "2775afc4-4af3-40ae-8e7b-5b0c7d604bcf",
                  "isHook": false,
                  "skipped": false
                }
              ],
              "suites": [],
              "passes": [
                "44acb68d-c2a9-4184-a9a3-abf1ed2b0843"
              ],
              "failures": [],
              "pending": [],
              "skipped": [],
              "duration": 4,
              "root": false,
              "rootEmpty": false,
              "_timeout": 10000
            },
            {
              "uuid": "eb35b810-7784-4903-a23e-41e428b0c5b4",
              "title": "removing all skus",
              "fullFile": "C:\\Users\\user\\Desktop\\EzWh-master\\code\\server\\acceptanceTest\\testEzWhAPI.js",
              "file": "\\acceptanceTest\\testEzWhAPI.js",
              "beforeHooks": [],
              "afterHooks": [],
              "tests": [
                {
                  "title": "Getting SKUs",
                  "fullTitle": "Test CR1 Item removing all skus Getting SKUs",
                  "timedOut": false,
                  "duration": 14,
                  "state": "passed",
                  "speed": "fast",
                  "pass": true,
                  "fail": false,
                  "pending": false,
                  "context": null,
                  "code": "const res = await agent.get('/api/skus');\nconsole.log(res.body);\nres.should.have.status(200);\nif (res.body.length !==0) {\n    let res2;\n    for (let i = 0; i < res.body.length; i++) {\n        res2 = await\n        agent.delete('/api/skus/'+res.body[i].id);\n        res2.should.have.status(204);\n        console.log(\"Deleted \"+ res.body[i].id);\n    }\n} \nconsole.log(\"done!\");",
                  "err": {},
                  "uuid": "22019e78-2399-4290-9e63-c9daa97e665e",
                  "parentUUID": "eb35b810-7784-4903-a23e-41e428b0c5b4",
                  "isHook": false,
                  "skipped": false
                }
              ],
              "suites": [],
              "passes": [
                "22019e78-2399-4290-9e63-c9daa97e665e"
              ],
              "failures": [],
              "pending": [],
              "skipped": [],
              "duration": 14,
              "root": false,
              "rootEmpty": false,
              "_timeout": 10000
            },
            {
              "uuid": "55f33247-ad86-4e94-a7b5-d3bc47f5ff15",
              "title": "get /api/skus",
              "fullFile": "C:\\Users\\user\\Desktop\\EzWh-master\\code\\server\\acceptanceTest\\testEzWhAPI.js",
              "file": "\\acceptanceTest\\testEzWhAPI.js",
              "beforeHooks": [],
              "afterHooks": [],
              "tests": [
                {
                  "title": "FR 2.3 -> List all SKUs",
                  "fullTitle": "Test CR1 Item get /api/skus FR 2.3 -> List all SKUs",
                  "timedOut": false,
                  "duration": 36,
                  "state": "failed",
                  "speed": null,
                  "pass": false,
                  "fail": true,
                  "pending": false,
                  "context": null,
                  "code": "agent.get('/api/skus')\n.then(function (res) {\n    res.should.have.status(expCode);\n    res.body.should.be.a('array');\n    res.body.length.should.be.eql(size);\n    let id = [];\n    if (size > 0) {\n        for (let i = 0; i < size; i++) {\n            id[i] = res.body[i].id;\n            res.body[i].description.should.equal(sku[i].description);\n            res.body[i].weight.should.equal(sku[i].weight);\n            res.body[i].volume.should.equal(sku[i].volume);\n            res.body[i].notes.should.equal(sku[i].notes);\n            res.body[i].availableQuantity.should.equal(sku[i].availableQuantity);\n            res.body[i].price.should.equal(sku[i].price);\n        }\n        ids.setIdSku(id);\n    }             \n    done();\n}).catch(err=>done(err));",
                  "err": {
                    "message": "AssertionError: expected 1 to deeply equal +0",
                    "estack": "AssertionError: expected 1 to deeply equal +0\n    at C:\\Users\\user\\Desktop\\EzWh-master\\code\\server\\acceptanceTest\\utils-sku.js:84:43\n    at processTicksAndRejections (node:internal/process/task_queues:96:5)",
                    "diff": "- 1\n+ 0\n"
                  },
                  "uuid": "a41f2c6f-2375-4187-84c2-069a1dcbc4d4",
                  "parentUUID": "55f33247-ad86-4e94-a7b5-d3bc47f5ff15",
                  "isHook": false,
                  "skipped": false
                }
              ],
              "suites": [],
              "passes": [],
              "failures": [
                "a41f2c6f-2375-4187-84c2-069a1dcbc4d4"
              ],
              "pending": [],
              "skipped": [],
              "duration": 36,
              "root": false,
              "rootEmpty": false,
              "_timeout": 10000
            },
            {
              "uuid": "f5bd499e-df3d-4887-9ac4-74255c12cf1f",
              "title": " Delete all not manager",
              "fullFile": "C:\\Users\\user\\Desktop\\EzWh-master\\code\\server\\acceptanceTest\\testEzWhAPI.js",
              "file": "\\acceptanceTest\\testEzWhAPI.js",
              "beforeHooks": [],
              "afterHooks": [],
              "tests": [
                {
                  "title": "Cleaning db user util",
                  "fullTitle": "Test CR1 Item  Delete all not manager Cleaning db user util",
                  "timedOut": false,
                  "duration": 85,
                  "state": "passed",
                  "speed": "slow",
                  "pass": true,
                  "fail": false,
                  "pending": false,
                  "context": null,
                  "code": "const res = await agent.get('/api/users');\nconsole.log(res.body);\nres.should.have.status(200);\nif (res.body.length !==0) {\n    let res2;\n    for(let i=0; i<res.body.length; i++){\n        console.log(res.body[i].email);\n        res2 = await\n        agent.delete('/api/users/'+res.body[i].email+'/'+res.body[i].type);\n        console.log(res2.body);\n        res2.should.have.status(204);\n        console.log(\"Deleted \"+ res.body[i].email);                    \n    }                \n}\nconsole.log(\"done!\");",
                  "err": {},
                  "uuid": "abcd871c-8dc0-4032-90a3-bc1a0636ed20",
                  "parentUUID": "f5bd499e-df3d-4887-9ac4-74255c12cf1f",
                  "isHook": false,
                  "skipped": false
                }
              ],
              "suites": [],
              "passes": [
                "abcd871c-8dc0-4032-90a3-bc1a0636ed20"
              ],
              "failures": [],
              "pending": [],
              "skipped": [],
              "duration": 85,
              "root": false,
              "rootEmpty": false,
              "_timeout": 10000
            },
            {
              "uuid": "c55b0abe-92a8-4763-a026-c9fb174530ed",
              "title": " post /api/newUser",
              "fullFile": "C:\\Users\\user\\Desktop\\EzWh-master\\code\\server\\acceptanceTest\\testEzWhAPI.js",
              "file": "\\acceptanceTest\\testEzWhAPI.js",
              "beforeHooks": [],
              "afterHooks": [],
              "tests": [
                {
                  "title": "FR 1.1 a -> Define a new user",
                  "fullTitle": "Test CR1 Item  post /api/newUser FR 1.1 a -> Define a new user",
                  "timedOut": false,
                  "duration": 27,
                  "state": "passed",
                  "speed": "fast",
                  "pass": true,
                  "fail": false,
                  "pending": false,
                  "context": null,
                  "code": "agent.post('/api/newUser')\n.send(myuser)\n.then(function(res){\n    res.should.have.status(expCode);\n    done();\n}).catch(err=>done(err));",
                  "err": {},
                  "uuid": "471e524d-f75f-477e-9572-e58fbae04446",
                  "parentUUID": "c55b0abe-92a8-4763-a026-c9fb174530ed",
                  "isHook": false,
                  "skipped": false
                }
              ],
              "suites": [],
              "passes": [
                "471e524d-f75f-477e-9572-e58fbae04446"
              ],
              "failures": [],
              "pending": [],
              "skipped": [],
              "duration": 27,
              "root": false,
              "rootEmpty": false,
              "_timeout": 10000
            },
            {
              "uuid": "1fc79336-849f-4aee-9148-969761a9877c",
              "title": " post /api/newUser",
              "fullFile": "C:\\Users\\user\\Desktop\\EzWh-master\\code\\server\\acceptanceTest\\testEzWhAPI.js",
              "file": "\\acceptanceTest\\testEzWhAPI.js",
              "beforeHooks": [],
              "afterHooks": [],
              "tests": [
                {
                  "title": "FR 1.1 a -> Define a new user",
                  "fullTitle": "Test CR1 Item  post /api/newUser FR 1.1 a -> Define a new user",
                  "timedOut": false,
                  "duration": 12,
                  "state": "passed",
                  "speed": "fast",
                  "pass": true,
                  "fail": false,
                  "pending": false,
                  "context": null,
                  "code": "agent.post('/api/newUser')\n.send(myuser)\n.then(function(res){\n    res.should.have.status(expCode);\n    done();\n}).catch(err=>done(err));",
                  "err": {},
                  "uuid": "114566fe-5760-43a7-83cd-97f9f6ae7d8d",
                  "parentUUID": "1fc79336-849f-4aee-9148-969761a9877c",
                  "isHook": false,
                  "skipped": false
                }
              ],
              "suites": [],
              "passes": [
                "114566fe-5760-43a7-83cd-97f9f6ae7d8d"
              ],
              "failures": [],
              "pending": [],
              "skipped": [],
              "duration": 12,
              "root": false,
              "rootEmpty": false,
              "_timeout": 10000
            },
            {
              "uuid": "c5bb284e-5a26-4b88-b636-16e5e30b2e7a",
              "title": " get /api/suppliers",
              "fullFile": "C:\\Users\\user\\Desktop\\EzWh-master\\code\\server\\acceptanceTest\\testEzWhAPI.js",
              "file": "\\acceptanceTest\\testEzWhAPI.js",
              "beforeHooks": [],
              "afterHooks": [],
              "tests": [
                {
                  "title": " get all suppliers",
                  "fullTitle": "Test CR1 Item  get /api/suppliers  get all suppliers",
                  "timedOut": false,
                  "duration": 4,
                  "state": "passed",
                  "speed": "fast",
                  "pass": true,
                  "fail": false,
                  "pending": false,
                  "context": null,
                  "code": "let idsupp = [];\nagent.get('/api/suppliers')\n.then(function(res){\n    for(let i=0; i<res.body.length; i++){\n        idsupp[i] = res.body[i].id;\n    }\n    ids.setIdSuppliers(idsupp);\n    //console.log(res.body);\n    done();\n}).catch(err=>done(err));",
                  "err": {},
                  "uuid": "692e54e3-c499-424e-8903-769ebd07135e",
                  "parentUUID": "c5bb284e-5a26-4b88-b636-16e5e30b2e7a",
                  "isHook": false,
                  "skipped": false
                }
              ],
              "suites": [],
              "passes": [
                "692e54e3-c499-424e-8903-769ebd07135e"
              ],
              "failures": [],
              "pending": [],
              "skipped": [],
              "duration": 4,
              "root": false,
              "rootEmpty": false,
              "_timeout": 10000
            },
            {
              "uuid": "42df7b5b-2860-4527-b408-e97c0006ec0c",
              "title": "post /api/sku/",
              "fullFile": "C:\\Users\\user\\Desktop\\EzWh-master\\code\\server\\acceptanceTest\\testEzWhAPI.js",
              "file": "\\acceptanceTest\\testEzWhAPI.js",
              "beforeHooks": [],
              "afterHooks": [],
              "tests": [
                {
                  "title": "FR 2.1 a -> Define a new SKU",
                  "fullTitle": "Test CR1 Item post /api/sku/ FR 2.1 a -> Define a new SKU",
                  "timedOut": false,
                  "duration": 2,
                  "state": "passed",
                  "speed": "fast",
                  "pass": true,
                  "fail": false,
                  "pending": false,
                  "context": null,
                  "code": "agent.post('/api/sku/')\n.send(thesku)\n.then(function (res) {\n    res.should.have.status(expCode);\n    done();\n}).catch(err=>done(err));",
                  "err": {},
                  "uuid": "94ed0d64-79e4-4d3c-b56d-29b57d17f79d",
                  "parentUUID": "42df7b5b-2860-4527-b408-e97c0006ec0c",
                  "isHook": false,
                  "skipped": false
                }
              ],
              "suites": [],
              "passes": [
                "94ed0d64-79e4-4d3c-b56d-29b57d17f79d"
              ],
              "failures": [],
              "pending": [],
              "skipped": [],
              "duration": 2,
              "root": false,
              "rootEmpty": false,
              "_timeout": 10000
            },
            {
              "uuid": "8825d10b-9161-4173-bd30-590dcf29a6fc",
              "title": "post /api/sku/",
              "fullFile": "C:\\Users\\user\\Desktop\\EzWh-master\\code\\server\\acceptanceTest\\testEzWhAPI.js",
              "file": "\\acceptanceTest\\testEzWhAPI.js",
              "beforeHooks": [],
              "afterHooks": [],
              "tests": [
                {
                  "title": "FR 2.1 a -> Define a new SKU",
                  "fullTitle": "Test CR1 Item post /api/sku/ FR 2.1 a -> Define a new SKU",
                  "timedOut": false,
                  "duration": 2,
                  "state": "passed",
                  "speed": "fast",
                  "pass": true,
                  "fail": false,
                  "pending": false,
                  "context": null,
                  "code": "agent.post('/api/sku/')\n.send(thesku)\n.then(function (res) {\n    res.should.have.status(expCode);\n    done();\n}).catch(err=>done(err));",
                  "err": {},
                  "uuid": "2d35e6b5-29a2-4775-b914-858b28508fae",
                  "parentUUID": "8825d10b-9161-4173-bd30-590dcf29a6fc",
                  "isHook": false,
                  "skipped": false
                }
              ],
              "suites": [],
              "passes": [
                "2d35e6b5-29a2-4775-b914-858b28508fae"
              ],
              "failures": [],
              "pending": [],
              "skipped": [],
              "duration": 2,
              "root": false,
              "rootEmpty": false,
              "_timeout": 10000
            },
            {
              "uuid": "86ad87f6-90d1-4056-86c5-320b826006da",
              "title": "get /api/skus",
              "fullFile": "C:\\Users\\user\\Desktop\\EzWh-master\\code\\server\\acceptanceTest\\testEzWhAPI.js",
              "file": "\\acceptanceTest\\testEzWhAPI.js",
              "beforeHooks": [],
              "afterHooks": [],
              "tests": [
                {
                  "title": "FR 2.3 -> List all SKUs",
                  "fullTitle": "Test CR1 Item get /api/skus FR 2.3 -> List all SKUs",
                  "timedOut": false,
                  "duration": 9,
                  "state": "passed",
                  "speed": "fast",
                  "pass": true,
                  "fail": false,
                  "pending": false,
                  "context": null,
                  "code": "agent.get('/api/skus')\n.then(function (res) {\n    res.should.have.status(expCode);\n    res.body.should.be.a('array');\n    res.body.length.should.be.eql(size);\n    let id = [];\n    if (size > 0) {\n        for (let i = 0; i < size; i++) {\n            id[i] = res.body[i].id;\n            res.body[i].description.should.equal(sku[i].description);\n            res.body[i].weight.should.equal(sku[i].weight);\n            res.body[i].volume.should.equal(sku[i].volume);\n            res.body[i].notes.should.equal(sku[i].notes);\n            res.body[i].availableQuantity.should.equal(sku[i].availableQuantity);\n            res.body[i].price.should.equal(sku[i].price);\n        }\n        ids.setIdSku(id);\n    }             \n    done();\n}).catch(err=>done(err));",
                  "err": {},
                  "uuid": "d16e26cd-95da-467a-af08-16d50bd1a670",
                  "parentUUID": "86ad87f6-90d1-4056-86c5-320b826006da",
                  "isHook": false,
                  "skipped": false
                }
              ],
              "suites": [],
              "passes": [
                "d16e26cd-95da-467a-af08-16d50bd1a670"
              ],
              "failures": [],
              "pending": [],
              "skipped": [],
              "duration": 9,
              "root": false,
              "rootEmpty": false,
              "_timeout": 10000
            },
            {
              "uuid": "06e7caa6-988a-4f02-b198-dec0e36f9e10",
              "title": "post /api/item/",
              "fullFile": "C:\\Users\\user\\Desktop\\EzWh-master\\code\\server\\acceptanceTest\\testEzWhAPI.js",
              "file": "\\acceptanceTest\\testEzWhAPI.js",
              "beforeHooks": [],
              "afterHooks": [],
              "tests": [
                {
                  "title": "Adding item details",
                  "fullTitle": "Test CR1 Item post /api/item/ Adding item details",
                  "timedOut": false,
                  "duration": 6,
                  "state": "passed",
                  "speed": "fast",
                  "pass": true,
                  "fail": false,
                  "pending": false,
                  "context": null,
                  "code": "let idskus = ids.getIdSku();\nlet idsupp = ids.getIdSuppliers();\nlet currskuid;\nif(myitem.SKUId === null || myitem.SKUId > idskus.length){\n    currskuid = myitem.SKUId;\n}\nelse{\n    currskuid = idskus[myitem.SKUId]\n}\nlet currentItem = newItem(myitem.id, myitem.description, myitem.price, currskuid, idsupp[myitem.supplierId]);\nagent.post('/api/item')\n.send(currentItem)\n.then(res => {\n    //console.log(res);\n    assert.equal(res.status, expCode);\n    done();\n}).catch(err => done(err));",
                  "err": {},
                  "uuid": "89bc9de7-a5f2-46e0-9b10-7fcd3b1b9da9",
                  "parentUUID": "06e7caa6-988a-4f02-b198-dec0e36f9e10",
                  "isHook": false,
                  "skipped": false
                }
              ],
              "suites": [],
              "passes": [
                "89bc9de7-a5f2-46e0-9b10-7fcd3b1b9da9"
              ],
              "failures": [],
              "pending": [],
              "skipped": [],
              "duration": 6,
              "root": false,
              "rootEmpty": false,
              "_timeout": 10000
            },
            {
              "uuid": "85a7e422-4640-4f8a-942a-77247ba45e7a",
              "title": "post /api/item/",
              "fullFile": "C:\\Users\\user\\Desktop\\EzWh-master\\code\\server\\acceptanceTest\\testEzWhAPI.js",
              "file": "\\acceptanceTest\\testEzWhAPI.js",
              "beforeHooks": [],
              "afterHooks": [],
              "tests": [
                {
                  "title": "Adding item details",
                  "fullTitle": "Test CR1 Item post /api/item/ Adding item details",
                  "timedOut": false,
                  "duration": 4,
                  "state": "passed",
                  "speed": "fast",
                  "pass": true,
                  "fail": false,
                  "pending": false,
                  "context": null,
                  "code": "let idskus = ids.getIdSku();\nlet idsupp = ids.getIdSuppliers();\nlet currskuid;\nif(myitem.SKUId === null || myitem.SKUId > idskus.length){\n    currskuid = myitem.SKUId;\n}\nelse{\n    currskuid = idskus[myitem.SKUId]\n}\nlet currentItem = newItem(myitem.id, myitem.description, myitem.price, currskuid, idsupp[myitem.supplierId]);\nagent.post('/api/item')\n.send(currentItem)\n.then(res => {\n    //console.log(res);\n    assert.equal(res.status, expCode);\n    done();\n}).catch(err => done(err));",
                  "err": {},
                  "uuid": "557c4842-e996-49b0-a47d-2bdaf02a437c",
                  "parentUUID": "85a7e422-4640-4f8a-942a-77247ba45e7a",
                  "isHook": false,
                  "skipped": false
                }
              ],
              "suites": [],
              "passes": [
                "557c4842-e996-49b0-a47d-2bdaf02a437c"
              ],
              "failures": [],
              "pending": [],
              "skipped": [],
              "duration": 4,
              "root": false,
              "rootEmpty": false,
              "_timeout": 10000
            },
            {
              "uuid": "1e7e3a9a-a6c3-4acc-9c88-6ce6970c0ada",
              "title": "Get all items",
              "fullFile": "C:\\Users\\user\\Desktop\\EzWh-master\\code\\server\\acceptanceTest\\testEzWhAPI.js",
              "file": "\\acceptanceTest\\testEzWhAPI.js",
              "beforeHooks": [],
              "afterHooks": [],
              "tests": [
                {
                  "title": "get /api/items/",
                  "fullTitle": "Test CR1 Item Get all items get /api/items/",
                  "timedOut": false,
                  "duration": 3,
                  "state": "failed",
                  "speed": null,
                  "pass": false,
                  "fail": true,
                  "pending": false,
                  "context": null,
                  "code": "agent.get('/api/items')\n.then(function(res){\n    console.log(res.body);\n    res.should.have.status(expCode);\n    res.body.should.be.a('array');\n    res.body.length.should.be.equal(size);\n    done();\n}).catch(err => done(err));",
                  "err": {
                    "message": "AssertionError: expected 3 to equal 1",
                    "estack": "AssertionError: expected 3 to equal 1\n    at C:\\Users\\user\\Desktop\\EzWh-master\\code\\server\\acceptanceTest\\utils-new-items.js:54:43\n    at processTicksAndRejections (node:internal/process/task_queues:96:5)",
                    "diff": "- 3\n+ 1\n"
                  },
                  "uuid": "9e2b5a63-c7af-446b-beda-843eb8ee5ce3",
                  "parentUUID": "1e7e3a9a-a6c3-4acc-9c88-6ce6970c0ada",
                  "isHook": false,
                  "skipped": false
                }
              ],
              "suites": [],
              "passes": [],
              "failures": [
                "9e2b5a63-c7af-446b-beda-843eb8ee5ce3"
              ],
              "pending": [],
              "skipped": [],
              "duration": 3,
              "root": false,
              "rootEmpty": false,
              "_timeout": 10000
            },
            {
              "uuid": "6b8467d9-66b3-4e0d-8afc-dc58e4db3293",
              "title": "get /api/items/:id",
              "fullFile": "C:\\Users\\user\\Desktop\\EzWh-master\\code\\server\\acceptanceTest\\testEzWhAPI.js",
              "file": "\\acceptanceTest\\testEzWhAPI.js",
              "beforeHooks": [],
              "afterHooks": [],
              "tests": [
                {
                  "title": "Gettim item details",
                  "fullTitle": "Test CR1 Item get /api/items/:id Gettim item details",
                  "timedOut": false,
                  "duration": 2,
                  "state": "passed",
                  "speed": "fast",
                  "pass": true,
                  "fail": false,
                  "pending": false,
                  "context": null,
                  "code": "let idsupp = ids.getIdSuppliers();\nagent.get('/api/items/'+itemid+'/'+idsupp[myexpitem.supplierId])\n.then(r => {\n    let idskus = ids.getIdSku();\n    assert.equal(r.status, expCode);\n    if (r.status == 200) {\n        r.body.should.be.a('object');\n        r.body.id.should.equal(itemid);\n        r.body.description.should.equal(myexpitem.description);\n        r.body.price.should.equal(myexpitem.price);\n        r.body.SKUId.should.equal(idskus[myexpitem.SKUId]);\n        r.body.supplierId.should.equal(idsupp[myexpitem.supplierId]);\n    }\n    done();\n}).catch(err => done(err));",
                  "err": {},
                  "uuid": "d005f230-00d0-41a5-8209-56eadd950f8a",
                  "parentUUID": "6b8467d9-66b3-4e0d-8afc-dc58e4db3293",
                  "isHook": false,
                  "skipped": false
                }
              ],
              "suites": [],
              "passes": [
                "d005f230-00d0-41a5-8209-56eadd950f8a"
              ],
              "failures": [],
              "pending": [],
              "skipped": [],
              "duration": 2,
              "root": false,
              "rootEmpty": false,
              "_timeout": 10000
            },
            {
              "uuid": "f6eace29-b8a4-416b-b620-45b3cc70b528",
              "title": "get /api/items/:id",
              "fullFile": "C:\\Users\\user\\Desktop\\EzWh-master\\code\\server\\acceptanceTest\\testEzWhAPI.js",
              "file": "\\acceptanceTest\\testEzWhAPI.js",
              "beforeHooks": [],
              "afterHooks": [],
              "tests": [
                {
                  "title": "Gettim item details",
                  "fullTitle": "Test CR1 Item get /api/items/:id Gettim item details",
                  "timedOut": false,
                  "duration": 22,
                  "state": "passed",
                  "speed": "fast",
                  "pass": true,
                  "fail": false,
                  "pending": false,
                  "context": null,
                  "code": "let idsupp = ids.getIdSuppliers();\nagent.get('/api/items/'+wrongid+'/'+idsupp[myexpitem.supplierId])\n.then(r => {\n    assert.equal(r.status, expCode);\n    done();\n}).catch(err => done(err));",
                  "err": {},
                  "uuid": "b3419570-0aa2-4090-a089-d60c4f6aac1b",
                  "parentUUID": "f6eace29-b8a4-416b-b620-45b3cc70b528",
                  "isHook": false,
                  "skipped": false
                }
              ],
              "suites": [],
              "passes": [
                "b3419570-0aa2-4090-a089-d60c4f6aac1b"
              ],
              "failures": [],
              "pending": [],
              "skipped": [],
              "duration": 22,
              "root": false,
              "rootEmpty": false,
              "_timeout": 10000
            },
            {
              "uuid": "ce30f0b7-eef4-4002-837e-2cca08d90412",
              "title": " put /api/item/:id",
              "fullFile": "C:\\Users\\user\\Desktop\\EzWh-master\\code\\server\\acceptanceTest\\testEzWhAPI.js",
              "file": "\\acceptanceTest\\testEzWhAPI.js",
              "beforeHooks": [],
              "afterHooks": [],
              "tests": [
                {
                  "title": "Modify an item given its ID and new fields",
                  "fullTitle": "Test CR1 Item  put /api/item/:id Modify an item given its ID and new fields",
                  "timedOut": false,
                  "duration": 8,
                  "state": "passed",
                  "speed": "fast",
                  "pass": true,
                  "fail": false,
                  "pending": false,
                  "context": null,
                  "code": "let idsupp = ids.getIdSuppliers();\nagent.put('/api/item/'+myedititem.id+'/'+idsupp[myedititem.supplierId])\n.send(updateItem(myedititem.description, myedititem.price))\n.then(res => {\n    if(expCode != 404){\n        let idsku = ids.getIdSku();\n        assert.equal(res.status, expCode);\n        agent.get('/api/items/'+myedititem.id+'/'+idsupp[myedititem.supplierId])\n        .then (r => {\n            console.log(r.body);\n            assert.equal(r.status,200);\n            r.body.should.be.a('object');\n            r.body.id.should.equal(myedititem.id);\n            r.body.description.should.equal(myedititem.description);\n            r.body.price.should.equal(myedititem.price);\n            r.body.SKUId.should.equal(idsku[myedititem.SKUId]);\n            r.body.supplierId.should.equal(idsupp[myexpitem.supplierId]);\n        });\n    }\n    else{\n        res.should.have.status(expCode);\n    }\n    done();\n}).catch(err=>done(err));",
                  "err": {},
                  "uuid": "e329598d-cc6e-493c-a42c-711bd3123ba7",
                  "parentUUID": "ce30f0b7-eef4-4002-837e-2cca08d90412",
                  "isHook": false,
                  "skipped": false
                }
              ],
              "suites": [],
              "passes": [
                "e329598d-cc6e-493c-a42c-711bd3123ba7"
              ],
              "failures": [],
              "pending": [],
              "skipped": [],
              "duration": 8,
              "root": false,
              "rootEmpty": false,
              "_timeout": 10000
            },
            {
              "uuid": "ff089ec6-89d0-408e-990e-92d97e54afd7",
              "title": " put /api/item/:id",
              "fullFile": "C:\\Users\\user\\Desktop\\EzWh-master\\code\\server\\acceptanceTest\\testEzWhAPI.js",
              "file": "\\acceptanceTest\\testEzWhAPI.js",
              "beforeHooks": [],
              "afterHooks": [],
              "tests": [
                {
                  "title": "Modify an item given its ID and new fields",
                  "fullTitle": "Test CR1 Item  put /api/item/:id Modify an item given its ID and new fields",
                  "timedOut": false,
                  "duration": 23,
                  "state": "failed",
                  "speed": null,
                  "pass": false,
                  "fail": true,
                  "pending": false,
                  "context": null,
                  "code": "let idsupp = ids.getIdSuppliers();\nagent.put('/api/item/'+myedititem.id+'/'+idsupp[myedititem.supplierId])\n.send(updateItem(myedititem.description, myedititem.price))\n.then(res => {\n    if(expCode != 404){\n        let idsku = ids.getIdSku();\n        assert.equal(res.status, expCode);\n        agent.get('/api/items/'+myedititem.id+'/'+idsupp[myedititem.supplierId])\n        .then (r => {\n            console.log(r.body);\n            assert.equal(r.status,200);\n            r.body.should.be.a('object');\n            r.body.id.should.equal(myedititem.id);\n            r.body.description.should.equal(myedititem.description);\n            r.body.price.should.equal(myedititem.price);\n            r.body.SKUId.should.equal(idsku[myedititem.SKUId]);\n            r.body.supplierId.should.equal(idsupp[myexpitem.supplierId]);\n        });\n    }\n    else{\n        res.should.have.status(expCode);\n    }\n    done();\n}).catch(err=>done(err));",
                  "err": {
                    "message": "AssertionError: expected { Object (_events, _eventsCount, ...) } to have status code 404 but got 200",
                    "estack": "AssertionError: expected { Object (_events, _eventsCount, ...) } to have status code 404 but got 200\n    at C:\\Users\\user\\Desktop\\EzWh-master\\code\\server\\acceptanceTest\\utils-new-items.js:143:37\n    at processTicksAndRejections (node:internal/process/task_queues:96:5)",
                    "diff": "- 200\n+ 404\n"
                  },
                  "uuid": "b3722c35-bac9-49e3-87f3-77e68cca839f",
                  "parentUUID": "ff089ec6-89d0-408e-990e-92d97e54afd7",
                  "isHook": false,
                  "skipped": false
                }
              ],
              "suites": [],
              "passes": [],
              "failures": [
                "b3722c35-bac9-49e3-87f3-77e68cca839f"
              ],
              "pending": [],
              "skipped": [],
              "duration": 23,
              "root": false,
              "rootEmpty": false,
              "_timeout": 10000
            },
            {
              "uuid": "4a51bb9c-f74c-4300-80ae-043be333dcb4",
              "title": " delete /api/items/:id",
              "fullFile": "C:\\Users\\user\\Desktop\\EzWh-master\\code\\server\\acceptanceTest\\testEzWhAPI.js",
              "file": "\\acceptanceTest\\testEzWhAPI.js",
              "beforeHooks": [],
              "afterHooks": [],
              "tests": [
                {
                  "title": "Delete an item given its id",
                  "fullTitle": "Test CR1 Item  delete /api/items/:id Delete an item given its id",
                  "timedOut": false,
                  "duration": 8,
                  "state": "passed",
                  "speed": "fast",
                  "pass": true,
                  "fail": false,
                  "pending": false,
                  "context": null,
                  "code": "let idsupp = ids.getIdSuppliers();\nagent.delete('/api/items/'+myitem.id+'/'+idsupp[myitem.supplierId])\n.then(function(res){\n    res.should.have.status(expCode);\n    done();\n}).catch(err => done(err));",
                  "err": {},
                  "uuid": "6f20a331-04e6-43ef-9d7b-e6c778e7c926",
                  "parentUUID": "4a51bb9c-f74c-4300-80ae-043be333dcb4",
                  "isHook": false,
                  "skipped": false
                }
              ],
              "suites": [],
              "passes": [
                "6f20a331-04e6-43ef-9d7b-e6c778e7c926"
              ],
              "failures": [],
              "pending": [],
              "skipped": [],
              "duration": 8,
              "root": false,
              "rootEmpty": false,
              "_timeout": 10000
            },
            {
              "uuid": "d6acda97-a52a-4471-a167-264e8025ac02",
              "title": "Removing all Items",
              "fullFile": "C:\\Users\\user\\Desktop\\EzWh-master\\code\\server\\acceptanceTest\\testEzWhAPI.js",
              "file": "\\acceptanceTest\\testEzWhAPI.js",
              "beforeHooks": [],
              "afterHooks": [],
              "tests": [
                {
                  "title": "get /api/items/",
                  "fullTitle": "Test CR1 Item Removing all Items get /api/items/",
                  "timedOut": false,
                  "duration": 8,
                  "state": "passed",
                  "speed": "fast",
                  "pass": true,
                  "fail": false,
                  "pending": false,
                  "context": null,
                  "code": "const res = await agent.get('/api/items');\nconsole.log(res.body);\nres.should.have.status(200);\nif(res.body.length !==0) {\n    let res2;\n    for (let i = 0; i< res.body.length; i++){\n        res2 = await\n        agent.delete('/api/items/'+res.body[i].id+'/'+res.body[i].supplierId);\n        res2.should.have.status(204);\n        console.log(\"Deleted \" + res.body[i].id + \" by supplier \"+ res.body[i].supplierId);\n    }\n}",
                  "err": {},
                  "uuid": "fe442dd3-afee-4225-ba13-2ce41c6f0d61",
                  "parentUUID": "d6acda97-a52a-4471-a167-264e8025ac02",
                  "isHook": false,
                  "skipped": false
                }
              ],
              "suites": [],
              "passes": [
                "fe442dd3-afee-4225-ba13-2ce41c6f0d61"
              ],
              "failures": [],
              "pending": [],
              "skipped": [],
              "duration": 8,
              "root": false,
              "rootEmpty": false,
              "_timeout": 10000
            },
            {
              "uuid": "bf6a7657-6e70-44ca-bbc7-f64ceccd10e8",
              "title": "removing all skuitems",
              "fullFile": "C:\\Users\\user\\Desktop\\EzWh-master\\code\\server\\acceptanceTest\\testEzWhAPI.js",
              "file": "\\acceptanceTest\\testEzWhAPI.js",
              "beforeHooks": [],
              "afterHooks": [],
              "tests": [
                {
                  "title": "Getting SKUitems",
                  "fullTitle": "Test CR1 Item removing all skuitems Getting SKUitems",
                  "timedOut": false,
                  "duration": 7,
                  "state": "passed",
                  "speed": "fast",
                  "pass": true,
                  "fail": false,
                  "pending": false,
                  "context": null,
                  "code": "const res = await agent.get('/api/skuitems');\nconsole.log(res.body);\nres.should.have.status(200);\nif (res.body.length !==0) {\n    let res2;\n    for (let i = 0; i < res.body.length; i++) {\n        res2 = await\n        agent.delete('/api/skuitems/'+res.body[i].RFID);\n        res2.should.have.status(204);\n        console.log(\"Deleted \"+ res.body[i].RFID);\n    }\n}\nconsole.log(\"done!\");",
                  "err": {},
                  "uuid": "b7a8c760-f852-40f6-9166-d553612f98a6",
                  "parentUUID": "bf6a7657-6e70-44ca-bbc7-f64ceccd10e8",
                  "isHook": false,
                  "skipped": false
                }
              ],
              "suites": [],
              "passes": [
                "b7a8c760-f852-40f6-9166-d553612f98a6"
              ],
              "failures": [],
              "pending": [],
              "skipped": [],
              "duration": 7,
              "root": false,
              "rootEmpty": false,
              "_timeout": 10000
            },
            {
              "uuid": "b6c0fd7e-87d5-4537-b0c4-106f0cd56988",
              "title": "removing all skus",
              "fullFile": "C:\\Users\\user\\Desktop\\EzWh-master\\code\\server\\acceptanceTest\\testEzWhAPI.js",
              "file": "\\acceptanceTest\\testEzWhAPI.js",
              "beforeHooks": [],
              "afterHooks": [],
              "tests": [
                {
                  "title": "Getting SKUs",
                  "fullTitle": "Test CR1 Item removing all skus Getting SKUs",
                  "timedOut": false,
                  "duration": 18,
                  "state": "passed",
                  "speed": "fast",
                  "pass": true,
                  "fail": false,
                  "pending": false,
                  "context": null,
                  "code": "const res = await agent.get('/api/skus');\nconsole.log(res.body);\nres.should.have.status(200);\nif (res.body.length !==0) {\n    let res2;\n    for (let i = 0; i < res.body.length; i++) {\n        res2 = await\n        agent.delete('/api/skus/'+res.body[i].id);\n        res2.should.have.status(204);\n        console.log(\"Deleted \"+ res.body[i].id);\n    }\n} \nconsole.log(\"done!\");",
                  "err": {},
                  "uuid": "e10e2552-8796-4041-b426-3c0c6ca771bd",
                  "parentUUID": "b6c0fd7e-87d5-4537-b0c4-106f0cd56988",
                  "isHook": false,
                  "skipped": false
                }
              ],
              "suites": [],
              "passes": [
                "e10e2552-8796-4041-b426-3c0c6ca771bd"
              ],
              "failures": [],
              "pending": [],
              "skipped": [],
              "duration": 18,
              "root": false,
              "rootEmpty": false,
              "_timeout": 10000
            }
          ],
          "passes": [],
          "failures": [],
          "pending": [],
          "skipped": [],
          "duration": 0,
          "root": false,
          "rootEmpty": false,
          "_timeout": 10000
        },
        {
          "uuid": "48573a45-4e45-4f47-94c8-9778eccf368c",
          "title": "Test CR1 RestockOrder",
          "fullFile": "C:\\Users\\user\\Desktop\\EzWh-master\\code\\server\\acceptanceTest\\testEzWhAPI.js",
          "file": "\\acceptanceTest\\testEzWhAPI.js",
          "beforeHooks": [],
          "afterHooks": [],
          "tests": [],
          "suites": [
            {
              "uuid": "3b0f1c8a-2a4e-42fb-ab07-8d2bdad2b9a3",
              "title": "Removing all Restock orders",
              "fullFile": "C:\\Users\\user\\Desktop\\EzWh-master\\code\\server\\acceptanceTest\\testEzWhAPI.js",
              "file": "\\acceptanceTest\\testEzWhAPI.js",
              "beforeHooks": [],
              "afterHooks": [],
              "tests": [
                {
                  "title": "Getting and removing",
                  "fullTitle": "Test CR1 RestockOrder Removing all Restock orders Getting and removing",
                  "timedOut": false,
                  "duration": 55,
                  "state": "passed",
                  "speed": "medium",
                  "pass": true,
                  "fail": false,
                  "pending": false,
                  "context": null,
                  "code": "const res = await agent.get('/api/restockOrders');\nconsole.log(res.body);\nres.should.have.status(200);\nif(res.body.length !==0){\n    let res2;\n    for( let i=0; i< res.body.length; i++){\n        res2 = await\n        agent.delete('/api/restockOrder/'+res.body[i].id);\n        res2.should.have.status(204);\n        console.log(\"Deleted \"+ res.body[i].id);\n    }\n}\nconsole.log(\"done!\");",
                  "err": {},
                  "uuid": "0ba08299-5901-4efb-b07d-90951bff3a7f",
                  "parentUUID": "3b0f1c8a-2a4e-42fb-ab07-8d2bdad2b9a3",
                  "isHook": false,
                  "skipped": false
                }
              ],
              "suites": [],
              "passes": [
                "0ba08299-5901-4efb-b07d-90951bff3a7f"
              ],
              "failures": [],
              "pending": [],
              "skipped": [],
              "duration": 55,
              "root": false,
              "rootEmpty": false,
              "_timeout": 10000
            },
            {
              "uuid": "14eaceed-7715-4520-ad39-1c9e61c96c8e",
              "title": " get /api/restockOrders",
              "fullFile": "C:\\Users\\user\\Desktop\\EzWh-master\\code\\server\\acceptanceTest\\testEzWhAPI.js",
              "file": "\\acceptanceTest\\testEzWhAPI.js",
              "beforeHooks": [],
              "afterHooks": [],
              "tests": [
                {
                  "title": " get all restock orders",
                  "fullTitle": "Test CR1 RestockOrder  get /api/restockOrders  get all restock orders",
                  "timedOut": false,
                  "duration": 3,
                  "state": "failed",
                  "speed": null,
                  "pass": false,
                  "fail": true,
                  "pending": false,
                  "context": null,
                  "code": "agent.get('/api/restockOrders')\n.then(function(res){\n    res.should.have.status(expCode);\n    res.body.should.be.a('array');\n    let idsupp = ids.getIdSuppliers();\n    let idskus  = ids.getIdSku();\n    let idrestord = [];\n    res.body.length.should.be.eql(myrestocks.length);\n    for(let i = 0; i<res.body.length; i++){\n        idrestord[i] = res.body[i].id;\n        res.body[i].issueDate.should.equal(myrestocks[i].issueDate);\n        res.body[i].supplierId.should.equal(idsupp[myrestocks[i].supplierId]);\n        for(let j = 0; j<res.body[i].products.length; j++){\n            res.body[i].products[j].SKUId.should.equal(idskus[myrestocks[i].products[j].SKUId]);\n            res.body[i].products[j].itemId.should.equal(myrestocks[i].products[j].itemId);\n            res.body[i].products[j].description.should.equal(myrestocks[i].products[j].description);\n            res.body[i].products[j].price.should.equal(myrestocks[i].products[j].price);\n            res.body[i].products[j].qty.should.equal(myrestocks[i].products[j].qty);\n        }\n    }\n    ids.setIdRestockOrders(idrestord);\n    done();\n}).catch(err=>done(err));",
                  "err": {
                    "message": "AssertionError: expected +0 to be an array",
                    "estack": "AssertionError: expected +0 to be an array\n    at C:\\Users\\user\\Desktop\\EzWh-master\\code\\server\\acceptanceTest\\utils-new-restockorder.js:111:36\n    at processTicksAndRejections (node:internal/process/task_queues:96:5)",
                    "diff": null
                  },
                  "uuid": "8b4b5a12-b371-4b40-8e24-2e026c43bf4c",
                  "parentUUID": "14eaceed-7715-4520-ad39-1c9e61c96c8e",
                  "isHook": false,
                  "skipped": false
                }
              ],
              "suites": [],
              "passes": [],
              "failures": [
                "8b4b5a12-b371-4b40-8e24-2e026c43bf4c"
              ],
              "pending": [],
              "skipped": [],
              "duration": 3,
              "root": false,
              "rootEmpty": false,
              "_timeout": 10000
            },
            {
              "uuid": "891dec6b-6c6e-401c-97e3-a6640fdabf5c",
              "title": "removing all skuitems",
              "fullFile": "C:\\Users\\user\\Desktop\\EzWh-master\\code\\server\\acceptanceTest\\testEzWhAPI.js",
              "file": "\\acceptanceTest\\testEzWhAPI.js",
              "beforeHooks": [],
              "afterHooks": [],
              "tests": [
                {
                  "title": "Getting SKUitems",
                  "fullTitle": "Test CR1 RestockOrder removing all skuitems Getting SKUitems",
                  "timedOut": false,
                  "duration": 6,
                  "state": "passed",
                  "speed": "fast",
                  "pass": true,
                  "fail": false,
                  "pending": false,
                  "context": null,
                  "code": "const res = await agent.get('/api/skuitems');\nconsole.log(res.body);\nres.should.have.status(200);\nif (res.body.length !==0) {\n    let res2;\n    for (let i = 0; i < res.body.length; i++) {\n        res2 = await\n        agent.delete('/api/skuitems/'+res.body[i].RFID);\n        res2.should.have.status(204);\n        console.log(\"Deleted \"+ res.body[i].RFID);\n    }\n}\nconsole.log(\"done!\");",
                  "err": {},
                  "uuid": "96293131-cd79-4029-b444-70cba2c3c680",
                  "parentUUID": "891dec6b-6c6e-401c-97e3-a6640fdabf5c",
                  "isHook": false,
                  "skipped": false
                }
              ],
              "suites": [],
              "passes": [
                "96293131-cd79-4029-b444-70cba2c3c680"
              ],
              "failures": [],
              "pending": [],
              "skipped": [],
              "duration": 6,
              "root": false,
              "rootEmpty": false,
              "_timeout": 10000
            },
            {
              "uuid": "4aabc04d-bfe1-4264-8bad-cdf753856f85",
              "title": "get /api/skuitems",
              "fullFile": "C:\\Users\\user\\Desktop\\EzWh-master\\code\\server\\acceptanceTest\\testEzWhAPI.js",
              "file": "\\acceptanceTest\\testEzWhAPI.js",
              "beforeHooks": [],
              "afterHooks": [],
              "tests": [
                {
                  "title": "Getting SKUitems",
                  "fullTitle": "Test CR1 RestockOrder get /api/skuitems Getting SKUitems",
                  "timedOut": false,
                  "duration": 3,
                  "state": "passed",
                  "speed": "fast",
                  "pass": true,
                  "fail": false,
                  "pending": false,
                  "context": null,
                  "code": "agent.get('/api/skuitems')\n.then(function (res) {\n    console.log(res.body[0]);\n    res.should.have.status(expCode);\n    res.body.should.be.a('array');\n    res.body.length.should.be.equal(size);\n    let idSKUs = ids.getIdSku();\n    for (let i = 0; i < size; i++) {\n        res.body[i].RFID.should.equal(skuitems[i].RFID);\n        res.body[i].SKUId.should.equal(idSKUs[skuitems[i].SKUId]);\n        res.body[i].DateOfStock.should.equal(skuitems[i].DateOfStock);\n        if(skuitems[i].Available !== undefined){\n            res.body[i].Available.should.equal(skuitems[i].Available);\n            //console.log('null');\n        }\n    }\n    \n    done();                \n}).catch(err=>done(err));",
                  "err": {},
                  "uuid": "463c38f0-c6d7-43a8-b4d5-581beb7fddf4",
                  "parentUUID": "4aabc04d-bfe1-4264-8bad-cdf753856f85",
                  "isHook": false,
                  "skipped": false
                }
              ],
              "suites": [],
              "passes": [
                "463c38f0-c6d7-43a8-b4d5-581beb7fddf4"
              ],
              "failures": [],
              "pending": [],
              "skipped": [],
              "duration": 3,
              "root": false,
              "rootEmpty": false,
              "_timeout": 10000
            },
            {
              "uuid": "2fbf7143-7317-4392-a366-e514a4cc58c5",
              "title": "removing all skus",
              "fullFile": "C:\\Users\\user\\Desktop\\EzWh-master\\code\\server\\acceptanceTest\\testEzWhAPI.js",
              "file": "\\acceptanceTest\\testEzWhAPI.js",
              "beforeHooks": [],
              "afterHooks": [],
              "tests": [
                {
                  "title": "Getting SKUs",
                  "fullTitle": "Test CR1 RestockOrder removing all skus Getting SKUs",
                  "timedOut": false,
                  "duration": 4,
                  "state": "passed",
                  "speed": "fast",
                  "pass": true,
                  "fail": false,
                  "pending": false,
                  "context": null,
                  "code": "const res = await agent.get('/api/skus');\nconsole.log(res.body);\nres.should.have.status(200);\nif (res.body.length !==0) {\n    let res2;\n    for (let i = 0; i < res.body.length; i++) {\n        res2 = await\n        agent.delete('/api/skus/'+res.body[i].id);\n        res2.should.have.status(204);\n        console.log(\"Deleted \"+ res.body[i].id);\n    }\n} \nconsole.log(\"done!\");",
                  "err": {},
                  "uuid": "288edb8d-ab42-4849-87db-ff9388493125",
                  "parentUUID": "2fbf7143-7317-4392-a366-e514a4cc58c5",
                  "isHook": false,
                  "skipped": false
                }
              ],
              "suites": [],
              "passes": [
                "288edb8d-ab42-4849-87db-ff9388493125"
              ],
              "failures": [],
              "pending": [],
              "skipped": [],
              "duration": 4,
              "root": false,
              "rootEmpty": false,
              "_timeout": 10000
            },
            {
              "uuid": "6551ecbf-eccb-425a-ab7e-2824e1bb5041",
              "title": "get /api/skus",
              "fullFile": "C:\\Users\\user\\Desktop\\EzWh-master\\code\\server\\acceptanceTest\\testEzWhAPI.js",
              "file": "\\acceptanceTest\\testEzWhAPI.js",
              "beforeHooks": [],
              "afterHooks": [],
              "tests": [
                {
                  "title": "FR 2.3 -> List all SKUs",
                  "fullTitle": "Test CR1 RestockOrder get /api/skus FR 2.3 -> List all SKUs",
                  "timedOut": false,
                  "duration": 3,
                  "state": "passed",
                  "speed": "fast",
                  "pass": true,
                  "fail": false,
                  "pending": false,
                  "context": null,
                  "code": "agent.get('/api/skus')\n.then(function (res) {\n    res.should.have.status(expCode);\n    res.body.should.be.a('array');\n    res.body.length.should.be.eql(size);\n    let id = [];\n    if (size > 0) {\n        for (let i = 0; i < size; i++) {\n            id[i] = res.body[i].id;\n            res.body[i].description.should.equal(sku[i].description);\n            res.body[i].weight.should.equal(sku[i].weight);\n            res.body[i].volume.should.equal(sku[i].volume);\n            res.body[i].notes.should.equal(sku[i].notes);\n            res.body[i].availableQuantity.should.equal(sku[i].availableQuantity);\n            res.body[i].price.should.equal(sku[i].price);\n        }\n        ids.setIdSku(id);\n    }             \n    done();\n}).catch(err=>done(err));",
                  "err": {},
                  "uuid": "21be0706-a49a-44d6-99cd-4c2ac8129302",
                  "parentUUID": "6551ecbf-eccb-425a-ab7e-2824e1bb5041",
                  "isHook": false,
                  "skipped": false
                }
              ],
              "suites": [],
              "passes": [
                "21be0706-a49a-44d6-99cd-4c2ac8129302"
              ],
              "failures": [],
              "pending": [],
              "skipped": [],
              "duration": 3,
              "root": false,
              "rootEmpty": false,
              "_timeout": 10000
            },
            {
              "uuid": "82a28db3-043e-4388-ba87-5fc5d094af96",
              "title": " Delete all not manager",
              "fullFile": "C:\\Users\\user\\Desktop\\EzWh-master\\code\\server\\acceptanceTest\\testEzWhAPI.js",
              "file": "\\acceptanceTest\\testEzWhAPI.js",
              "beforeHooks": [],
              "afterHooks": [],
              "tests": [
                {
                  "title": "Cleaning db user util",
                  "fullTitle": "Test CR1 RestockOrder  Delete all not manager Cleaning db user util",
                  "timedOut": false,
                  "duration": 39,
                  "state": "passed",
                  "speed": "medium",
                  "pass": true,
                  "fail": false,
                  "pending": false,
                  "context": null,
                  "code": "const res = await agent.get('/api/users');\nconsole.log(res.body);\nres.should.have.status(200);\nif (res.body.length !==0) {\n    let res2;\n    for(let i=0; i<res.body.length; i++){\n        console.log(res.body[i].email);\n        res2 = await\n        agent.delete('/api/users/'+res.body[i].email+'/'+res.body[i].type);\n        console.log(res2.body);\n        res2.should.have.status(204);\n        console.log(\"Deleted \"+ res.body[i].email);                    \n    }                \n}\nconsole.log(\"done!\");",
                  "err": {},
                  "uuid": "78667009-b0ed-4289-ab5d-f4fa8867dea0",
                  "parentUUID": "82a28db3-043e-4388-ba87-5fc5d094af96",
                  "isHook": false,
                  "skipped": false
                }
              ],
              "suites": [],
              "passes": [
                "78667009-b0ed-4289-ab5d-f4fa8867dea0"
              ],
              "failures": [],
              "pending": [],
              "skipped": [],
              "duration": 39,
              "root": false,
              "rootEmpty": false,
              "_timeout": 10000
            },
            {
              "uuid": "b67d0cdd-363d-4566-91bb-a79b511a42e8",
              "title": "post /api/sku/",
              "fullFile": "C:\\Users\\user\\Desktop\\EzWh-master\\code\\server\\acceptanceTest\\testEzWhAPI.js",
              "file": "\\acceptanceTest\\testEzWhAPI.js",
              "beforeHooks": [],
              "afterHooks": [],
              "tests": [
                {
                  "title": "FR 2.1 a -> Define a new SKU",
                  "fullTitle": "Test CR1 RestockOrder post /api/sku/ FR 2.1 a -> Define a new SKU",
                  "timedOut": false,
                  "duration": 11,
                  "state": "passed",
                  "speed": "fast",
                  "pass": true,
                  "fail": false,
                  "pending": false,
                  "context": null,
                  "code": "agent.post('/api/sku/')\n.send(thesku)\n.then(function (res) {\n    res.should.have.status(expCode);\n    done();\n}).catch(err=>done(err));",
                  "err": {},
                  "uuid": "03d21af4-2393-44d7-860e-cef495685a40",
                  "parentUUID": "b67d0cdd-363d-4566-91bb-a79b511a42e8",
                  "isHook": false,
                  "skipped": false
                }
              ],
              "suites": [],
              "passes": [
                "03d21af4-2393-44d7-860e-cef495685a40"
              ],
              "failures": [],
              "pending": [],
              "skipped": [],
              "duration": 11,
              "root": false,
              "rootEmpty": false,
              "_timeout": 10000
            },
            {
              "uuid": "6423b9e5-01f8-45b9-925d-25a109f7c62b",
              "title": "post /api/sku/",
              "fullFile": "C:\\Users\\user\\Desktop\\EzWh-master\\code\\server\\acceptanceTest\\testEzWhAPI.js",
              "file": "\\acceptanceTest\\testEzWhAPI.js",
              "beforeHooks": [],
              "afterHooks": [],
              "tests": [
                {
                  "title": "FR 2.1 a -> Define a new SKU",
                  "fullTitle": "Test CR1 RestockOrder post /api/sku/ FR 2.1 a -> Define a new SKU",
                  "timedOut": false,
                  "duration": 3,
                  "state": "passed",
                  "speed": "fast",
                  "pass": true,
                  "fail": false,
                  "pending": false,
                  "context": null,
                  "code": "agent.post('/api/sku/')\n.send(thesku)\n.then(function (res) {\n    res.should.have.status(expCode);\n    done();\n}).catch(err=>done(err));",
                  "err": {},
                  "uuid": "60665206-e46c-4975-b673-42331a53e607",
                  "parentUUID": "6423b9e5-01f8-45b9-925d-25a109f7c62b",
                  "isHook": false,
                  "skipped": false
                }
              ],
              "suites": [],
              "passes": [
                "60665206-e46c-4975-b673-42331a53e607"
              ],
              "failures": [],
              "pending": [],
              "skipped": [],
              "duration": 3,
              "root": false,
              "rootEmpty": false,
              "_timeout": 10000
            },
            {
              "uuid": "fff7d9d6-232f-42b2-9084-7da1ec47b5fb",
              "title": "get /api/skus",
              "fullFile": "C:\\Users\\user\\Desktop\\EzWh-master\\code\\server\\acceptanceTest\\testEzWhAPI.js",
              "file": "\\acceptanceTest\\testEzWhAPI.js",
              "beforeHooks": [],
              "afterHooks": [],
              "tests": [
                {
                  "title": "FR 2.3 -> List all SKUs",
                  "fullTitle": "Test CR1 RestockOrder get /api/skus FR 2.3 -> List all SKUs",
                  "timedOut": false,
                  "duration": 4,
                  "state": "passed",
                  "speed": "fast",
                  "pass": true,
                  "fail": false,
                  "pending": false,
                  "context": null,
                  "code": "agent.get('/api/skus')\n.then(function (res) {\n    res.should.have.status(expCode);\n    res.body.should.be.a('array');\n    res.body.length.should.be.eql(size);\n    let id = [];\n    if (size > 0) {\n        for (let i = 0; i < size; i++) {\n            id[i] = res.body[i].id;\n            res.body[i].description.should.equal(sku[i].description);\n            res.body[i].weight.should.equal(sku[i].weight);\n            res.body[i].volume.should.equal(sku[i].volume);\n            res.body[i].notes.should.equal(sku[i].notes);\n            res.body[i].availableQuantity.should.equal(sku[i].availableQuantity);\n            res.body[i].price.should.equal(sku[i].price);\n        }\n        ids.setIdSku(id);\n    }             \n    done();\n}).catch(err=>done(err));",
                  "err": {},
                  "uuid": "987be05d-669b-4ab5-8858-65e3035ecfa2",
                  "parentUUID": "fff7d9d6-232f-42b2-9084-7da1ec47b5fb",
                  "isHook": false,
                  "skipped": false
                }
              ],
              "suites": [],
              "passes": [
                "987be05d-669b-4ab5-8858-65e3035ecfa2"
              ],
              "failures": [],
              "pending": [],
              "skipped": [],
              "duration": 4,
              "root": false,
              "rootEmpty": false,
              "_timeout": 10000
            },
            {
              "uuid": "62517543-ed9b-4251-b70b-b00098deeca8",
              "title": " post /api/newUser",
              "fullFile": "C:\\Users\\user\\Desktop\\EzWh-master\\code\\server\\acceptanceTest\\testEzWhAPI.js",
              "file": "\\acceptanceTest\\testEzWhAPI.js",
              "beforeHooks": [],
              "afterHooks": [],
              "tests": [
                {
                  "title": "FR 1.1 a -> Define a new user",
                  "fullTitle": "Test CR1 RestockOrder  post /api/newUser FR 1.1 a -> Define a new user",
                  "timedOut": false,
                  "duration": 8,
                  "state": "passed",
                  "speed": "fast",
                  "pass": true,
                  "fail": false,
                  "pending": false,
                  "context": null,
                  "code": "agent.post('/api/newUser')\n.send(myuser)\n.then(function(res){\n    res.should.have.status(expCode);\n    done();\n}).catch(err=>done(err));",
                  "err": {},
                  "uuid": "8646211e-f997-4d63-9467-faa079104058",
                  "parentUUID": "62517543-ed9b-4251-b70b-b00098deeca8",
                  "isHook": false,
                  "skipped": false
                }
              ],
              "suites": [],
              "passes": [
                "8646211e-f997-4d63-9467-faa079104058"
              ],
              "failures": [],
              "pending": [],
              "skipped": [],
              "duration": 8,
              "root": false,
              "rootEmpty": false,
              "_timeout": 10000
            },
            {
              "uuid": "efa67885-3a8f-4990-ad8f-5009e992893e",
              "title": " post /api/newUser",
              "fullFile": "C:\\Users\\user\\Desktop\\EzWh-master\\code\\server\\acceptanceTest\\testEzWhAPI.js",
              "file": "\\acceptanceTest\\testEzWhAPI.js",
              "beforeHooks": [],
              "afterHooks": [],
              "tests": [
                {
                  "title": "FR 1.1 a -> Define a new user",
                  "fullTitle": "Test CR1 RestockOrder  post /api/newUser FR 1.1 a -> Define a new user",
                  "timedOut": false,
                  "duration": 10,
                  "state": "passed",
                  "speed": "fast",
                  "pass": true,
                  "fail": false,
                  "pending": false,
                  "context": null,
                  "code": "agent.post('/api/newUser')\n.send(myuser)\n.then(function(res){\n    res.should.have.status(expCode);\n    done();\n}).catch(err=>done(err));",
                  "err": {},
                  "uuid": "eb050278-5e43-42df-973b-dcad393a1e4b",
                  "parentUUID": "efa67885-3a8f-4990-ad8f-5009e992893e",
                  "isHook": false,
                  "skipped": false
                }
              ],
              "suites": [],
              "passes": [
                "eb050278-5e43-42df-973b-dcad393a1e4b"
              ],
              "failures": [],
              "pending": [],
              "skipped": [],
              "duration": 10,
              "root": false,
              "rootEmpty": false,
              "_timeout": 10000
            },
            {
              "uuid": "b93504ed-b3b6-4a83-955a-d5c5082d5b03",
              "title": "post /api/skuitem/",
              "fullFile": "C:\\Users\\user\\Desktop\\EzWh-master\\code\\server\\acceptanceTest\\testEzWhAPI.js",
              "file": "\\acceptanceTest\\testEzWhAPI.js",
              "beforeHooks": [],
              "afterHooks": [],
              "tests": [
                {
                  "title": "Adding skuitem details",
                  "fullTitle": "Test CR1 RestockOrder post /api/skuitem/ Adding skuitem details",
                  "timedOut": false,
                  "duration": 10,
                  "state": "passed",
                  "speed": "fast",
                  "pass": true,
                  "fail": false,
                  "pending": false,
                  "context": null,
                  "code": "let id = ids.getIdSku();\nlet skuitem;\nif(myskuitem.SKUId > id.length || myskuitem.SKUId === null){\n    skuitem = newSkuItem(myskuitem.RFID, myskuitem.SKUId , myskuitem.DateOfStock); \n}\nelse{\n    skuitem = newSkuItem(myskuitem.RFID, id[myskuitem.SKUId] , myskuitem.DateOfStock);\n}\nagent.post('/api/skuitem/')\n.send(skuitem)\n.then(function (res) {\n    res.should.have.status(expCode);\n    done();\n}).catch(err=>done(err));",
                  "err": {},
                  "uuid": "6932577a-3592-4d6f-8645-b54922a7c610",
                  "parentUUID": "b93504ed-b3b6-4a83-955a-d5c5082d5b03",
                  "isHook": false,
                  "skipped": false
                }
              ],
              "suites": [],
              "passes": [
                "6932577a-3592-4d6f-8645-b54922a7c610"
              ],
              "failures": [],
              "pending": [],
              "skipped": [],
              "duration": 10,
              "root": false,
              "rootEmpty": false,
              "_timeout": 10000
            },
            {
              "uuid": "16c7b4bf-5d7a-4337-804c-86a7399fed0b",
              "title": "post /api/skuitem/",
              "fullFile": "C:\\Users\\user\\Desktop\\EzWh-master\\code\\server\\acceptanceTest\\testEzWhAPI.js",
              "file": "\\acceptanceTest\\testEzWhAPI.js",
              "beforeHooks": [],
              "afterHooks": [],
              "tests": [
                {
                  "title": "Adding skuitem details",
                  "fullTitle": "Test CR1 RestockOrder post /api/skuitem/ Adding skuitem details",
                  "timedOut": false,
                  "duration": 15,
                  "state": "passed",
                  "speed": "fast",
                  "pass": true,
                  "fail": false,
                  "pending": false,
                  "context": null,
                  "code": "let id = ids.getIdSku();\nlet skuitem;\nif(myskuitem.SKUId > id.length || myskuitem.SKUId === null){\n    skuitem = newSkuItem(myskuitem.RFID, myskuitem.SKUId , myskuitem.DateOfStock); \n}\nelse{\n    skuitem = newSkuItem(myskuitem.RFID, id[myskuitem.SKUId] , myskuitem.DateOfStock);\n}\nagent.post('/api/skuitem/')\n.send(skuitem)\n.then(function (res) {\n    res.should.have.status(expCode);\n    done();\n}).catch(err=>done(err));",
                  "err": {},
                  "uuid": "cac8b8ee-3e14-4a48-9612-a4a48ee3f3d0",
                  "parentUUID": "16c7b4bf-5d7a-4337-804c-86a7399fed0b",
                  "isHook": false,
                  "skipped": false
                }
              ],
              "suites": [],
              "passes": [
                "cac8b8ee-3e14-4a48-9612-a4a48ee3f3d0"
              ],
              "failures": [],
              "pending": [],
              "skipped": [],
              "duration": 15,
              "root": false,
              "rootEmpty": false,
              "_timeout": 10000
            },
            {
              "uuid": "d47898b8-2f59-4f59-8542-8e6c13eec61c",
              "title": " get /api/suppliers",
              "fullFile": "C:\\Users\\user\\Desktop\\EzWh-master\\code\\server\\acceptanceTest\\testEzWhAPI.js",
              "file": "\\acceptanceTest\\testEzWhAPI.js",
              "beforeHooks": [],
              "afterHooks": [],
              "tests": [
                {
                  "title": " get all suppliers",
                  "fullTitle": "Test CR1 RestockOrder  get /api/suppliers  get all suppliers",
                  "timedOut": false,
                  "duration": 6,
                  "state": "passed",
                  "speed": "fast",
                  "pass": true,
                  "fail": false,
                  "pending": false,
                  "context": null,
                  "code": "let idsupp = [];\nagent.get('/api/suppliers')\n.then(function(res){\n    for(let i=0; i<res.body.length; i++){\n        idsupp[i] = res.body[i].id;\n    }\n    ids.setIdSuppliers(idsupp);\n    //console.log(res.body);\n    done();\n}).catch(err=>done(err));",
                  "err": {},
                  "uuid": "bcce2fc8-9c4c-49be-b0a4-525a4f3a4053",
                  "parentUUID": "d47898b8-2f59-4f59-8542-8e6c13eec61c",
                  "isHook": false,
                  "skipped": false
                }
              ],
              "suites": [],
              "passes": [
                "bcce2fc8-9c4c-49be-b0a4-525a4f3a4053"
              ],
              "failures": [],
              "pending": [],
              "skipped": [],
              "duration": 6,
              "root": false,
              "rootEmpty": false,
              "_timeout": 10000
            },
            {
              "uuid": "a643330b-6f14-46b6-a2f1-989e35c5a916",
              "title": "Removing all Items",
              "fullFile": "C:\\Users\\user\\Desktop\\EzWh-master\\code\\server\\acceptanceTest\\testEzWhAPI.js",
              "file": "\\acceptanceTest\\testEzWhAPI.js",
              "beforeHooks": [],
              "afterHooks": [],
              "tests": [
                {
                  "title": "get /api/items/",
                  "fullTitle": "Test CR1 RestockOrder Removing all Items get /api/items/",
                  "timedOut": false,
                  "duration": 11,
                  "state": "passed",
                  "speed": "fast",
                  "pass": true,
                  "fail": false,
                  "pending": false,
                  "context": null,
                  "code": "const res = await agent.get('/api/items');\nconsole.log(res.body);\nres.should.have.status(200);\nif(res.body.length !==0) {\n    let res2;\n    for (let i = 0; i< res.body.length; i++){\n        res2 = await\n        agent.delete('/api/items/'+res.body[i].id+'/'+res.body[i].supplierId);\n        res2.should.have.status(204);\n        console.log(\"Deleted \" + res.body[i].id + \" by supplier \"+ res.body[i].supplierId);\n    }\n}",
                  "err": {},
                  "uuid": "7e664a3d-4857-4f76-bf36-aa72c0bc709b",
                  "parentUUID": "a643330b-6f14-46b6-a2f1-989e35c5a916",
                  "isHook": false,
[...]
                      "err": {},
                      "uuid": "9eabc30f-dfaf-478d-8f55-db612d7742f0",
                      "parentUUID": "8a0e6f0a-62e8-4597-ac9c-9cffce7797ed",
                      "isHook": false,
                      "skipped": false
                    }
                  ],
                  "suites": [],
                  "passes": [
                    "9eabc30f-dfaf-478d-8f55-db612d7742f0"
                  ],
                  "failures": [],
                  "pending": [],
                  "skipped": [],
                  "duration": 11,
                  "root": false,
                  "rootEmpty": false,
                  "_timeout": 10000
                },
                {
                  "uuid": "bc1259c6-ab00-41e8-abf1-9d62e6907675",
                  "title": " get /api/restockOrders",
                  "fullFile": "C:\\Users\\user\\Desktop\\EzWh-master\\code\\server\\acceptanceTest\\testEzWhAPI.js",
                  "file": "\\acceptanceTest\\testEzWhAPI.js",
                  "beforeHooks": [],
                  "afterHooks": [],
                  "tests": [
                    {
                      "title": " get all restock orders",
                      "fullTitle": "Testing Change1 requirements Test CR1 ReturnOrder  get /api/restockOrders  get all restock orders",
                      "timedOut": false,
                      "duration": 3,
                      "state": "failed",
                      "speed": null,
                      "pass": false,
                      "fail": true,
                      "pending": false,
                      "context": null,
                      "code": "agent.get('/api/restockOrders')\n.then(function(res){\n    res.should.have.status(expCode);\n    res.body.should.be.a('array');\n    let idsupp = ids.getIdSuppliers();\n    let idskus  = ids.getIdSku();\n    let idrestord = [];\n    res.body.length.should.be.eql(myrestocks.length);\n    for(let i = 0; i<res.body.length; i++){\n        idrestord[i] = res.body[i].id;\n        res.body[i].issueDate.should.equal(myrestocks[i].issueDate);\n        res.body[i].supplierId.should.equal(idsupp[myrestocks[i].supplierId]);\n        for(let j = 0; j<res.body[i].products.length; j++){\n            res.body[i].products[j].SKUId.should.equal(idskus[myrestocks[i].products[j].SKUId]);\n            res.body[i].products[j].itemId.should.equal(myrestocks[i].products[j].itemId);\n            res.body[i].products[j].description.should.equal(myrestocks[i].products[j].description);\n            res.body[i].products[j].price.should.equal(myrestocks[i].products[j].price);\n            res.body[i].products[j].qty.should.equal(myrestocks[i].products[j].qty);\n        }\n    }\n    ids.setIdRestockOrders(idrestord);\n    done();\n}).catch(err=>done(err));",
                      "err": {
                        "message": "TypeError: Cannot read properties of undefined (reading 'length')",
                        "estack": "TypeError: Cannot read properties of undefined (reading 'length')\n    at C:\\Users\\user\\Desktop\\EzWh-master\\code\\server\\acceptanceTest\\utils-new-restockorder.js:120:59\n    at runMicrotasks (<anonymous>)\n    at processTicksAndRejections (node:internal/process/task_queues:96:5)",
                        "diff": null
                      },
                      "uuid": "65dcc5a5-bad1-4d0e-823e-1877c5d50ea5",
                      "parentUUID": "bc1259c6-ab00-41e8-abf1-9d62e6907675",
                      "isHook": false,
                      "skipped": false
                    }
                  ],
                  "suites": [],
                  "passes": [],
                  "failures": [
                    "65dcc5a5-bad1-4d0e-823e-1877c5d50ea5"
                  ],
                  "pending": [],
                  "skipped": [],
                  "duration": 3,
                  "root": false,
                  "rootEmpty": false,
                  "_timeout": 10000
                },
                {
                  "uuid": "a7a74784-b1b6-4e6c-b6c7-18944ab7bdef",
                  "title": " get /api/restockOrderIssued",
                  "fullFile": "C:\\Users\\user\\Desktop\\EzWh-master\\code\\server\\acceptanceTest\\testEzWhAPI.js",
                  "file": "\\acceptanceTest\\testEzWhAPI.js",
                  "beforeHooks": [],
                  "afterHooks": [],
                  "tests": [
                    {
                      "title": " get all restock order issued",
                      "fullTitle": "Testing Change1 requirements Test CR1 ReturnOrder  get /api/restockOrderIssued  get all restock order issued",
                      "timedOut": false,
                      "duration": 2,
                      "state": "passed",
                      "speed": "fast",
                      "pass": true,
                      "fail": false,
                      "pending": false,
                      "context": null,
                      "code": "agent.get('/api/restockOrdersIssued')\n.then(function(res){\n    let idrestord = [];\n    res.should.have.status(expCode);\n    res.body.should.be.a('array');\n    for(let i = 0; i<res.body.length; i++){\n        idrestord[i] = res.body[i].id;\n        res.body[i].state.should.equal(\"ISSUED\");\n    }\n    ids.setIdRestockOrdersIssued(idrestord);\n    done();\n}).catch(err=>done(err));",
                      "err": {},
                      "uuid": "cba0ffcf-ce9e-446a-9ee9-73033f00fc9a",
                      "parentUUID": "a7a74784-b1b6-4e6c-b6c7-18944ab7bdef",
                      "isHook": false,
                      "skipped": false
                    }
                  ],
                  "suites": [],
                  "passes": [
                    "cba0ffcf-ce9e-446a-9ee9-73033f00fc9a"
                  ],
                  "failures": [],
                  "pending": [],
                  "skipped": [],
                  "duration": 2,
                  "root": false,
                  "rootEmpty": false,
                  "_timeout": 10000
                },
                {
                  "uuid": "aa3d955b-c0de-44df-9d7b-a7044b5fdaa2",
                  "title": " post /api/returnOrder",
                  "fullFile": "C:\\Users\\user\\Desktop\\EzWh-master\\code\\server\\acceptanceTest\\testEzWhAPI.js",
                  "file": "\\acceptanceTest\\testEzWhAPI.js",
                  "beforeHooks": [],
                  "afterHooks": [],
                  "tests": [
                    {
                      "title": " Create a return order",
                      "fullTitle": "Testing Change1 requirements Test CR1 ReturnOrder  post /api/returnOrder  Create a return order",
                      "timedOut": false,
                      "duration": 13,
                      "state": "passed",
                      "speed": "fast",
                      "pass": true,
                      "fail": false,
                      "pending": false,
                      "context": null,
                      "code": "let idroid = ids.getIdRestockOrdersIssued();\nlet idskus = ids.getIdSku();\nlet currentProducts = [];\nlet currentProductswithrfid = [];\nlet restordid;\nif(myretord.restockOrderId === null || myretord.restockOrderId > idroid.length){\n    restordid = myretord.restockOrderId;\n}\nelse{\n    restordid = idroid[myretord.restockOrderId];\n}\nfor(let i=0; i<myretord.products.length ; i++){\n    currentProducts[i] = newrestockorders.newProduct(idskus[myretord.products[i].SKUId], myretord.products[i].itemId, myretord.products[i].description, myretord.products[i].price, myretord.products[i].qty );\n    currentProductswithrfid[i] = newProductwithRFID(currentProducts[i], myretord.products[i].RFID);\n}\nconsole.log(currentProducts);\nlet retord = newReturnOrder(myretord.returnDate, currentProductswithrfid, restordid);\nagent.post('/api/returnOrder')\n.send(retord)\n.then(function(res){\n    console.log(res.body);\n    console.log(retord);\n    res.should.have.status(expCode);\n    done();\n}).catch(err=>done(err));",
                      "err": {},
                      "uuid": "100698c0-49e6-459b-aa9a-0d0e250b598c",
                      "parentUUID": "aa3d955b-c0de-44df-9d7b-a7044b5fdaa2",
                      "isHook": false,
                      "skipped": false
                    }
                  ],
                  "suites": [],
                  "passes": [
                    "100698c0-49e6-459b-aa9a-0d0e250b598c"
                  ],
                  "failures": [],
                  "pending": [],
                  "skipped": [],
                  "duration": 13,
                  "root": false,
                  "rootEmpty": false,
                  "_timeout": 10000
                },
                {
                  "uuid": "733b362c-b715-4c8f-ac15-556a97089b82",
                  "title": " post /api/returnOrder",
                  "fullFile": "C:\\Users\\user\\Desktop\\EzWh-master\\code\\server\\acceptanceTest\\testEzWhAPI.js",
                  "file": "\\acceptanceTest\\testEzWhAPI.js",
                  "beforeHooks": [],
                  "afterHooks": [],
                  "tests": [
                    {
                      "title": " Create a return order",
                      "fullTitle": "Testing Change1 requirements Test CR1 ReturnOrder  post /api/returnOrder  Create a return order",
                      "timedOut": false,
                      "duration": 7,
                      "state": "passed",
                      "speed": "fast",
                      "pass": true,
                      "fail": false,
                      "pending": false,
                      "context": null,
                      "code": "let idroid = ids.getIdRestockOrdersIssued();\nlet idskus = ids.getIdSku();\nlet currentProducts = [];\nlet currentProductswithrfid = [];\nlet restordid;\nif(myretord.restockOrderId === null || myretord.restockOrderId > idroid.length){\n    restordid = myretord.restockOrderId;\n}\nelse{\n    restordid = idroid[myretord.restockOrderId];\n}\nfor(let i=0; i<myretord.products.length ; i++){\n    currentProducts[i] = newrestockorders.newProduct(idskus[myretord.products[i].SKUId], myretord.products[i].itemId, myretord.products[i].description, myretord.products[i].price, myretord.products[i].qty );\n    currentProductswithrfid[i] = newProductwithRFID(currentProducts[i], myretord.products[i].RFID);\n}\nconsole.log(currentProducts);\nlet retord = newReturnOrder(myretord.returnDate, currentProductswithrfid, restordid);\nagent.post('/api/returnOrder')\n.send(retord)\n.then(function(res){\n    console.log(res.body);\n    console.log(retord);\n    res.should.have.status(expCode);\n    done();\n}).catch(err=>done(err));",
                      "err": {},
                      "uuid": "6ef4c040-eb74-4e09-9b84-1b1be2d151fd",
                      "parentUUID": "733b362c-b715-4c8f-ac15-556a97089b82",
                      "isHook": false,
                      "skipped": false
                    }
                  ],
                  "suites": [],
                  "passes": [
                    "6ef4c040-eb74-4e09-9b84-1b1be2d151fd"
                  ],
                  "failures": [],
                  "pending": [],
                  "skipped": [],
                  "duration": 7,
                  "root": false,
                  "rootEmpty": false,
                  "_timeout": 10000
                },
                {
                  "uuid": "de423736-7757-48fb-83ab-f644b6ea7fc3",
                  "title": " post /api/returnOrder",
                  "fullFile": "C:\\Users\\user\\Desktop\\EzWh-master\\code\\server\\acceptanceTest\\testEzWhAPI.js",
                  "file": "\\acceptanceTest\\testEzWhAPI.js",
                  "beforeHooks": [],
                  "afterHooks": [],
                  "tests": [
                    {
                      "title": " Create a return order",
                      "fullTitle": "Testing Change1 requirements Test CR1 ReturnOrder  post /api/returnOrder  Create a return order",
                      "timedOut": false,
                      "duration": 2,
                      "state": "passed",
                      "speed": "fast",
                      "pass": true,
                      "fail": false,
                      "pending": false,
                      "context": null,
                      "code": "agent.post('/api/returnOrder')\n.send(myretord)\n.then(function(res){\n    //console.log(res);\n    //console.log(retord);\n    res.should.have.status(expCode);\n    done();\n}).catch(err=>done(err));",
                      "err": {},
                      "uuid": "9c95626a-51b7-4413-af29-2961a4934da3",
                      "parentUUID": "de423736-7757-48fb-83ab-f644b6ea7fc3",
                      "isHook": false,
                      "skipped": false
                    }
                  ],
                  "suites": [],
                  "passes": [
                    "9c95626a-51b7-4413-af29-2961a4934da3"
                  ],
                  "failures": [],
                  "pending": [],
                  "skipped": [],
                  "duration": 2,
                  "root": false,
                  "rootEmpty": false,
                  "_timeout": 10000
                },
                {
                  "uuid": "712e86e6-ab9d-4f5a-a824-832b46b4f08a",
                  "title": " get /api/returnOrders",
                  "fullFile": "C:\\Users\\user\\Desktop\\EzWh-master\\code\\server\\acceptanceTest\\testEzWhAPI.js",
                  "file": "\\acceptanceTest\\testEzWhAPI.js",
                  "beforeHooks": [],
                  "afterHooks": [],
                  "tests": [
                    {
                      "title": " get all return orders",
                      "fullTitle": "Testing Change1 requirements Test CR1 ReturnOrder  get /api/returnOrders  get all return orders",
                      "timedOut": false,
                      "duration": 3,
                      "state": "passed",
                      "speed": "fast",
                      "pass": true,
                      "fail": false,
                      "pending": false,
                      "context": null,
                      "code": "agent.get('/api/returnOrders')\n.then(function(res){\n    //console.log(res.body);\n    res.should.have.status(expCode);\n    res.body.should.be.a('array');\n    let idrestockorders = ids.getIdRestockOrdersIssued();\n    let idretord = [];\n    let idskus  = ids.getIdSku();\n    res.body.length.should.be.eql(myretord.length);\n    for(let i = 0; i<res.body.length; i++){\n        idretord[i] = res.body[i].id;\n        res.body[i].returnDate.should.equal(myretord[i].returnDate);\n        res.body[i].restockOrderId.should.equal(idrestockorders[myretord[i].restockOrderId]);\n        for(let j = 0; j<res.body[i].products.length; j++){\n            res.body[i].products[j].SKUId.should.equal(idskus[myretord[i].products[j].SKUId]);\n            res.body[i].products[j].itemId.should.equal(myretord[i].products[j].itemId);\n            res.body[i].products[j].description.should.equal(myretord[i].products[j].description);\n            res.body[i].products[j].price.should.equal(myretord[i].products[j].price);\n            res.body[i].products[j].RFID.should.equal(myretord[i].products[j].RFID);\n        }\n    }\n    ids.setIdReturnOrders(idretord);\n    done();\n}).catch(err=>done(err));",
                      "err": {},
                      "uuid": "6c0b73d1-87b7-4887-9637-99c97016b380",
                      "parentUUID": "712e86e6-ab9d-4f5a-a824-832b46b4f08a",
                      "isHook": false,
                      "skipped": false
                    }
                  ],
                  "suites": [],
                  "passes": [
                    "6c0b73d1-87b7-4887-9637-99c97016b380"
                  ],
                  "failures": [],
                  "pending": [],
                  "skipped": [],
                  "duration": 3,
                  "root": false,
                  "rootEmpty": false,
                  "_timeout": 10000
                },
                {
                  "uuid": "ad753081-2569-409c-acaf-24fbaa450596",
                  "title": " get /api/returnOrders/:id",
                  "fullFile": "C:\\Users\\user\\Desktop\\EzWh-master\\code\\server\\acceptanceTest\\testEzWhAPI.js",
                  "file": "\\acceptanceTest\\testEzWhAPI.js",
                  "beforeHooks": [],
                  "afterHooks": [],
                  "tests": [
                    {
                      "title": " get return order by id",
                      "fullTitle": "Testing Change1 requirements Test CR1 ReturnOrder  get /api/returnOrders/:id  get return order by id",
                      "timedOut": false,
                      "duration": 3,
                      "state": "passed",
                      "speed": "fast",
                      "pass": true,
                      "fail": false,
                      "pending": false,
                      "context": null,
                      "code": "let idsret = ids.getIdReturnOrders();\nlet idskus  = ids.getIdSku();\n//console.log(idsret[id]);\nagent.get('/api/returnOrders/'+idsret[id])\n.then(function(res){\n    res.should.have.status(expCode);\n    res.body.returnDate.should.equal(myretord.returnDate);\n    for(let j = 0; j < res.body.products.length; j++){\n        res.body.products[j].SKUId.should.equal(idskus[myretord.products[j].SKUId]);\n        res.body.products[j].itemId.should.equal(myretord.products[j].itemId);\n        res.body.products[j].description.should.equal(myretord.products[j].description);\n        res.body.products[j].price.should.equal(myretord.products[j].price);\n        res.body.products[j].RFID.should.equal(myretord.products[j].RFID);\n    }\n    done();\n}).catch(err=>done(err));",
                      "err": {},
                      "uuid": "f05a0463-d9a8-4c49-8e31-764147fb059e",
                      "parentUUID": "ad753081-2569-409c-acaf-24fbaa450596",
                      "isHook": false,
                      "skipped": false
                    }
                  ],
                  "suites": [],
                  "passes": [
                    "f05a0463-d9a8-4c49-8e31-764147fb059e"
                  ],
                  "failures": [],
                  "pending": [],
                  "skipped": [],
                  "duration": 3,
                  "root": false,
                  "rootEmpty": false,
                  "_timeout": 10000
                }
              ],
              "passes": [],
              "failures": [],
              "pending": [],
              "skipped": [],
              "duration": 0,
              "root": false,
              "rootEmpty": false,
              "_timeout": 10000
            }
          ],
          "passes": [],
          "failures": [],
          "pending": [],
          "skipped": [],
          "duration": 0,
          "root": false,
          "rootEmpty": false,
          "_timeout": 10000
        }
      ],
      "passes": [],
      "failures": [],
      "pending": [],
      "skipped": [],
      "duration": 0,
      "root": true,
      "rootEmpty": true,
      "_timeout": 10000
    }
  ],
  "meta": {
    "mocha": {
      "version": "9.2.2"
    },
    "mochawesome": {
      "options": {
        "quiet": false,
        "reportFilename": "mochawesome",
        "saveHtml": true,
        "saveJson": true,
        "consoleReporter": "spec",
        "useInlineDiffs": false,
        "code": true
      },
      "version": "7.1.3"
    },
    "marge": {
      "options": null,
      "version": "6.2.0"
    }
  }
}